2025-11-25 20:32:34, SELF, v:1, k:poo@agenda, rate:12
2025-11-25 20:32:34, MOVE, v:1, k:poo@agenda, mode:PICK
2025-11-25 20:32:35, EXEC, v:1, k:poo@agenda, mode:FULL, rate:12
2025-11-25 20:34:22, EXEC, v:1, k:poo@agenda, mode:FULL, rate:12, size:122
2025-11-25 20:34:36, EXEC, v:1, k:poo@agenda, mode:FULL, rate:25, size:123
2025-11-25 20:37:19, EXEC, v:1, k:poo@agenda, mode:FULL, rate:37, size:131
2025-11-25 20:37:42, EXEC, v:1, k:poo@agenda, mode:FULL, rate:62, size:134
2025-11-25 20:37:54, EXEC, v:1, k:poo@agenda, mode:FULL, rate:62
2025-11-25 20:38:39, EXEC, v:1, k:poo@agenda, mode:FULL, rate:62
2025-11-25 20:38:54, EXEC, v:1, k:poo@agenda, mode:FULL, rate:62, size:141
2025-11-25 20:39:23, EXEC, v:1, k:poo@agenda, mode:FULL, rate:62, size:146
2025-11-25 20:39:32, EXEC, v:1, k:poo@agenda, mode:FULL, rate:62
2025-11-25 20:41:55, EXEC, v:1, k:poo@agenda, mode:FULL, rate:62
2025-11-25 20:42:22, EXEC, v:1, k:poo@agenda, mode:FULL, rate:62, size:146
2025-11-25 20:42:56, EXEC, v:1, k:poo@agenda, mode:FULL, rate:62, size:146
2025-11-25 20:42:59, MOVE, v:1, k:poo@agenda, mode:BACK
2025-11-25 20:43:08, MOVE, v:1, k:poo@agenda, mode:PICK
2025-11-25 20:43:09, EXEC, v:1, k:poo@agenda, mode:FULL, rate:62
2025-11-25 20:43:41, EXEC, v:1, k:poo@agenda, mode:FULL, rate:62, size:146
2025-11-25 20:43:47, EXEC, v:1, k:poo@agenda, mode:FULL, rate:62
2025-11-25 20:43:52, EXEC, v:1, k:poo@agenda, mode:FULL, rate:62, size:146
2025-11-25 20:43:54, EXEC, v:1, k:poo@agenda, mode:FULL, rate:62
2025-11-25 20:45:05, EXEC, v:1, k:poo@agenda, mode:FULL, rate:62, size:146
2025-11-25 20:45:39, EXEC, v:1, k:poo@agenda, mode:FULL, rate:75, size:146
2025-11-25 20:46:26, MOVE, v:1, k:poo@agenda, mode:BACK
2025-11-25 20:47:07, MOVE, v:1, k:poo@agenda, mode:PICK
2025-11-25 20:47:07, EXEC, v:1, k:poo@agenda, mode:FULL, rate:75
2025-11-25 20:47:45, EXEC, v:1, k:poo@agenda, mode:FULL, rate:75, size:153
2025-11-25 20:49:14, EXEC, v:1, k:poo@agenda, mode:FULL, rate:75, size:154
2025-11-25 20:49:21, EXEC, v:1, k:poo@agenda, mode:FULL, rate:75
2025-11-25 20:51:32, EXEC, v:1, k:poo@agenda, mode:FULL, rate:62, size:159
2025-11-25 20:51:46, EXEC, v:1, k:poo@agenda, mode:FULL, rate:62, size:155
2025-11-25 20:52:33, EXEC, v:1, k:poo@agenda, mode:FULL, rate:62, size:155
2025-11-25 20:53:19, EXEC, v:1, k:poo@agenda, mode:FULL, rate:62
2025-11-25 20:53:50, EXEC, v:1, k:poo@agenda, mode:FULL, rate:62, size:153
2025-11-25 20:58:04, EXEC, v:1, k:poo@agenda, mode:FULL, rate:87, size:153
2025-11-25 21:00:44, EXEC, v:1, k:poo@agenda, mode:FULL, rate:0, size:162
2025-11-25 21:00:47, EXEC, v:1, k:poo@agenda, mode:FULL, rate:0
2025-11-25 21:00:54, EXEC, v:1, k:poo@agenda, mode:FULL, rate:87, size:162
2025-11-25 21:01:01, MOVE, v:1, k:poo@agenda, mode:BACK
2025-11-25 21:01:05, MOVE, v:1, k:poo@agenda, mode:PICK
2025-11-25 21:01:05, EXEC, v:1, k:poo@agenda, mode:FULL, rate:87
2025-11-25 21:01:24, EXEC, v:1, k:poo@agenda, mode:FULL, rate:0, size:162
2025-11-25 21:01:31, EXEC, v:1, k:poo@agenda, mode:FULL, rate:87, size:162
2025-11-25 21:02:06, EXEC, v:1, k:poo@agenda, mode:FULL, rate:87, size:162
2025-11-25 21:02:26, EXEC, v:1, k:poo@agenda, mode:FULL, rate:87, size:163
2025-11-25 21:03:05, EXEC, v:1, k:poo@agenda, mode:FULL, rate:87, size:163
2025-11-25 21:03:22, EXEC, v:1, k:poo@agenda, mode:FULL, rate:87, size:163
2025-11-25 21:03:49, EXEC, v:1, k:poo@agenda, mode:FULL, rate:100, size:163
2025-11-25 21:03:53, EXEC, v:1, k:poo@agenda, mode:FULL, rate:100
2025-11-25 21:03:53, EXEC, v:1, k:poo@agenda, mode:FULL, rate:100
2025-11-25 21:03:53, EXEC, v:1, k:poo@agenda, mode:FULL, rate:100
2025-11-25 21:03:54, EXEC, v:1, k:poo@agenda, mode:FULL, rate:100
2025-11-25 21:03:54, EXEC, v:1, k:poo@agenda, mode:FULL, rate:100
2025-11-25 21:03:54, EXEC, v:1, k:poo@agenda, mode:FULL, rate:100
2025-11-25 21:03:54, EXEC, v:1, k:poo@agenda, mode:FULL, rate:100
2025-11-25 21:03:55, EXEC, v:1, k:poo@agenda, mode:FULL, rate:100
2025-11-25 21:03:55, MOVE, v:1, k:poo@agenda, mode:BACK
2025-11-25 21:04:15, SELF, v:1, k:poo@agenda, rate:100, alone:10, study:120
